[debug] [2023-08-09T01:08:13.152Z] ----------------------------------------------------------------------
[debug] [2023-08-09T01:08:13.153Z] Command:       C:\Program Files\nodejs\node.exe C:\Users\peswa\AppData\Roaming\npm\node_modules\firebase-tools\lib\bin\firebase.js init
[debug] [2023-08-09T01:08:13.153Z] CLI Version:   12.4.7
[debug] [2023-08-09T01:08:13.154Z] Platform:      win32
[debug] [2023-08-09T01:08:13.154Z] Node Version:  v16.14.0
[debug] [2023-08-09T01:08:13.155Z] Time:          Tue Aug 08 2023 18:08:13 GMT-0700 (Pacific Daylight Time)
[debug] [2023-08-09T01:08:13.155Z] ----------------------------------------------------------------------
[debug] 
[debug] [2023-08-09T01:08:13.230Z] > command requires scopes: ["email","openid","https://www.googleapis.com/auth/cloudplatformprojects.readonly","https://www.googleapis.com/auth/firebase","https://www.googleapis.com/auth/cloud-platform"]
[debug] [2023-08-09T01:08:13.231Z] > authorizing via signed-in user (multiversepawl@gmail.com)
[info] 
     ######## #### ########  ######## ########     ###     ######  ########
     ##        ##  ##     ## ##       ##     ##  ##   ##  ##       ##
     ######    ##  ########  ######   ########  #########  ######  ######
     ##        ##  ##    ##  ##       ##     ## ##     ##       ## ##
     ##       #### ##     ## ######## ########  ##     ##  ######  ########

You're about to initialize a Firebase project in this directory:

  C:\Users\peswa\WebstormProjects\Web-Portfolio-Website-2.5

Before we get started, keep in mind:

  * You are initializing within an existing Firebase project directory

